ERROR:2026-01-09 15:43:27,344:jax._src.xla_bridge:477: Jax plugin configuration error: Exception when calling jax_plugins.xla_cuda12.initialize()
Traceback (most recent call last):
  File "/zhome/c6/2/209115/diplomacy312/lib/python3.12/site-packages/jax/_src/xla_bridge.py", line 475, in discover_pjrt_plugins
    plugin_module.initialize()
  File "/zhome/c6/2/209115/diplomacy312/lib/python3.12/site-packages/jax_plugins/xla_cuda12/__init__.py", line 334, in initialize
    c_api = xb.register_plugin(
            ^^^^^^^^^^^^^^^^^^^
  File "/zhome/c6/2/209115/diplomacy312/lib/python3.12/site-packages/jax/_src/xla_bridge.py", line 611, in register_plugin
    c_api = xla_client.load_pjrt_plugin_dynamically(plugin_name, library_path)
            ^^^^^^^^^^^^^^^^^^^^^^^^^^^^^^^^^^^^^^^^^^^^^^^^^^^^^^^^^^^^^^^^^^
  File "/zhome/c6/2/209115/diplomacy312/lib/python3.12/site-packages/jaxlib/xla_client.py", line 117, in load_pjrt_plugin_dynamically
    return _xla.load_pjrt_plugin(plugin_name, library_path, c_api=None)
           ^^^^^^^^^^^^^^^^^^^^^^^^^^^^^^^^^^^^^^^^^^^^^^^^^^^^^^^^^^^^
jax.errors.JaxRuntimeError: ALREADY_EXISTS: PJRT_Api already exists for device type cuda
W0109 15:43:27.621989  838078 cuda_executor.cc:1802] GPU interconnect information not available: INTERNAL: NVML doesn't support extracting fabric info or NVLink is not used by the device.
W0109 15:43:27.625807  837927 cuda_executor.cc:1802] GPU interconnect information not available: INTERNAL: NVML doesn't support extracting fabric info or NVLink is not used by the device.
<frozen runpy>:128: RuntimeWarning: 'src.diplomacy.demo' found in sys.modules after import of package 'src.diplomacy', but prior to execution of 'src.diplomacy.demo'; this may result in unpredictable behaviour
ERROR:2026-01-09 15:43:30,567:jax._src.xla_bridge:477: Jax plugin configuration error: Exception when calling jax_plugins.xla_cuda12.initialize()
Traceback (most recent call last):
  File "/zhome/c6/2/209115/diplomacy312/lib/python3.12/site-packages/jax/_src/xla_bridge.py", line 475, in discover_pjrt_plugins
    plugin_module.initialize()
  File "/zhome/c6/2/209115/diplomacy312/lib/python3.12/site-packages/jax_plugins/xla_cuda12/__init__.py", line 334, in initialize
    c_api = xb.register_plugin(
            ^^^^^^^^^^^^^^^^^^^
  File "/zhome/c6/2/209115/diplomacy312/lib/python3.12/site-packages/jax/_src/xla_bridge.py", line 611, in register_plugin
    c_api = xla_client.load_pjrt_plugin_dynamically(plugin_name, library_path)
            ^^^^^^^^^^^^^^^^^^^^^^^^^^^^^^^^^^^^^^^^^^^^^^^^^^^^^^^^^^^^^^^^^^
  File "/zhome/c6/2/209115/diplomacy312/lib/python3.12/site-packages/jaxlib/xla_client.py", line 117, in load_pjrt_plugin_dynamically
    return _xla.load_pjrt_plugin(plugin_name, library_path, c_api=None)
           ^^^^^^^^^^^^^^^^^^^^^^^^^^^^^^^^^^^^^^^^^^^^^^^^^^^^^^^^^^^^
jax.errors.JaxRuntimeError: ALREADY_EXISTS: PJRT_Api already exists for device type cuda
W0109 15:43:30.838932  838211 cuda_executor.cc:1802] GPU interconnect information not available: INTERNAL: NVML doesn't support extracting fabric info or NVLink is not used by the device.
W0109 15:43:30.842828  838112 cuda_executor.cc:1802] GPU interconnect information not available: INTERNAL: NVML doesn't support extracting fabric info or NVLink is not used by the device.
Traceback (most recent call last):
  File "<frozen runpy>", line 198, in _run_module_as_main
  File "<frozen runpy>", line 88, in _run_code
  File "/zhome/c6/2/209115/MasterThesis/src/diplomacy/demo.py", line 1273, in <module>
    run_standard_board_mixed_tom_demo(
  File "/zhome/c6/2/209115/MasterThesis/src/diplomacy/demo.py", line 997, in run_standard_board_mixed_tom_demo
    agent_orders = agent.issue_orders(state)
                   ^^^^^^^^^^^^^^^^^^^^^^^^^
  File "/zhome/c6/2/209115/MasterThesis/src/diplomacy/agents/base.py", line 24, in issue_orders
    planned = self._plan_orders(state, self._round_index)
              ^^^^^^^^^^^^^^^^^^^^^^^^^^^^^^^^^^^^^^^^^^^
  File "/zhome/c6/2/209115/MasterThesis/src/diplomacy/agents/sl_agent.py", line 65, in _plan_orders
    my_action_indices = self._best_response_action_indices(state)
                        ^^^^^^^^^^^^^^^^^^^^^^^^^^^^^^^^^^^^^^^^^
  File "/zhome/c6/2/209115/MasterThesis/src/diplomacy/agents/sl_agent.py", line 501, in _best_response_action_indices
    score = save(
            ^^^^^
  File "/zhome/c6/2/209115/MasterThesis/src/diplomacy/value_estimation.py", line 129, in save
    return rollout_value(
           ^^^^^^^^^^^^^^
  File "/zhome/c6/2/209115/MasterThesis/src/diplomacy/value_estimation.py", line 112, in rollout_value
    total += value_fn(states[-1], focal_power, **value_kwargs)
             ^^^^^^^^^^^^^^^^^^^^^^^^^^^^^^^^^^^^^^^^^^^^^^^^^
  File "/zhome/c6/2/209115/MasterThesis/src/diplomacy/value_estimation.py", line 44, in sl_state_value
    _, info = policy.actions(
              ^^^^^^^^^^^^^^^
  File "/zhome/c6/2/209115/MasterThesis/policytraining/network/network_policy.py", line 78, in actions
    self._obs_transform_state) = self._network_handler.observation_transform(
                                 ^^^^^^^^^^^^^^^^^^^^^^^^^^^^^^^^^^^^^^^^^^^^
  File "/zhome/c6/2/209115/MasterThesis/policytraining/network/parameter_provider.py", line 190, in observation_transform
    return self._observation_transformer.observation_transform(
           ^^^^^^^^^^^^^^^^^^^^^^^^^^^^^^^^^^^^^^^^^^^^^^^^^^^^
  File "/zhome/c6/2/209115/MasterThesis/policytraining/environment/observation_transformation.py", line 455, in observation_transform
    step_observations[player][i] = self.step_observation_transform(
    ~~~~~~~~~~~~~~~~~~~~~~~~~^^^
IndexError: list assignment index out of range
