Traceback (most recent call last):
  File "/zhome/c6/2/209115/diplomacy312/lib/python3.12/site-packages/numpy/__init__.py", line 112, in <module>
    from numpy.__config__ import show_config
  File "/zhome/c6/2/209115/diplomacy312/lib/python3.12/site-packages/numpy/__config__.py", line 4, in <module>
    from numpy._core._multiarray_umath import (
  File "/zhome/c6/2/209115/diplomacy312/lib/python3.12/site-packages/numpy/_core/__init__.py", line 22, in <module>
    from . import multiarray
  File "/zhome/c6/2/209115/diplomacy312/lib/python3.12/site-packages/numpy/_core/multiarray.py", line 11, in <module>
    from . import _multiarray_umath, overrides
  File "<frozen importlib._bootstrap>", line 1360, in _find_and_load
  File "<frozen importlib._bootstrap>", line 1331, in _find_and_load_unlocked
  File "<frozen importlib._bootstrap>", line 935, in _load_unlocked
  File "<frozen importlib._bootstrap_external>", line 995, in exec_module
  File "<frozen importlib._bootstrap_external>", line 1091, in get_code
  File "<frozen importlib._bootstrap_external>", line 1191, in get_data
KeyboardInterrupt
Traceback (most recent call last):
  File "/zhome/c6/2/209115/diplomacy312/lib/python3.12/site-packages/numpy/__init__.py", line 112, in <module>
    from numpy.__config__ import show_config
  File "/zhome/c6/2/209115/diplomacy312/lib/python3.12/site-packages/numpy/__config__.py", line 4, in <module>
    from numpy._core._multiarray_umath import (
  File "/zhome/c6/2/209115/diplomacy312/lib/python3.12/site-packages/numpy/_core/__init__.py", line 22, in <module>
    from . import multiarray
  File "/zhome/c6/2/209115/diplomacy312/lib/python3.12/site-packages/numpy/_core/multiarray.py", line 11, in <module>
    from . import _multiarray_umath, overrides
RuntimeError: CPU dispatcher tracer already initlized
terminate called after throwing an instance of 'nanobind::python_error'
  what():  ImportError: numpy._core.multiarray failed to import
/zhome/c6/2/209115/.lsbatch/1768664756.27638245.shell: line 32: 3599803 Aborted                 python - <<'EOF'
import jax
print("JAX devices:", jax.devices())
EOF

Terminated
