ERROR:2026-01-19 16:15:39,782:jax._src.xla_bridge:477: Jax plugin configuration error: Exception when calling jax_plugins.xla_cuda12.initialize()
Traceback (most recent call last):
  File "/zhome/c6/2/209115/diplomacy312/lib/python3.12/site-packages/jax/_src/xla_bridge.py", line 475, in discover_pjrt_plugins
    plugin_module.initialize()
  File "/zhome/c6/2/209115/diplomacy312/lib/python3.12/site-packages/jax_plugins/xla_cuda12/__init__.py", line 334, in initialize
    c_api = xb.register_plugin(
            ^^^^^^^^^^^^^^^^^^^
  File "/zhome/c6/2/209115/diplomacy312/lib/python3.12/site-packages/jax/_src/xla_bridge.py", line 611, in register_plugin
    c_api = xla_client.load_pjrt_plugin_dynamically(plugin_name, library_path)
            ^^^^^^^^^^^^^^^^^^^^^^^^^^^^^^^^^^^^^^^^^^^^^^^^^^^^^^^^^^^^^^^^^^
  File "/zhome/c6/2/209115/diplomacy312/lib/python3.12/site-packages/jaxlib/xla_client.py", line 117, in load_pjrt_plugin_dynamically
    return _xla.load_pjrt_plugin(plugin_name, library_path, c_api=None)
           ^^^^^^^^^^^^^^^^^^^^^^^^^^^^^^^^^^^^^^^^^^^^^^^^^^^^^^^^^^^^
jax.errors.JaxRuntimeError: ALREADY_EXISTS: PJRT_Api already exists for device type cuda
W0119 16:15:40.208452 3678268 cuda_executor.cc:1802] GPU interconnect information not available: INTERNAL: NVML doesn't support extracting fabric info or NVLink is not used by the device.
W0119 16:15:40.247357 3678253 cuda_executor.cc:1802] GPU interconnect information not available: INTERNAL: NVML doesn't support extracting fabric info or NVLink is not used by the device.
<frozen runpy>:128: RuntimeWarning: 'src.diplomacy.demo' found in sys.modules after import of package 'src.diplomacy', but prior to execution of 'src.diplomacy.demo'; this may result in unpredictable behaviour
ERROR:2026-01-19 16:15:42,975:jax._src.xla_bridge:477: Jax plugin configuration error: Exception when calling jax_plugins.xla_cuda13.initialize()
Traceback (most recent call last):
  File "/zhome/c6/2/209115/diplomacy312/lib/python3.12/site-packages/jax/_src/xla_bridge.py", line 475, in discover_pjrt_plugins
    plugin_module.initialize()
  File "/zhome/c6/2/209115/diplomacy312/lib/python3.12/site-packages/jax_plugins/xla_cuda13/__init__.py", line 334, in initialize
    c_api = xb.register_plugin(
            ^^^^^^^^^^^^^^^^^^^
  File "/zhome/c6/2/209115/diplomacy312/lib/python3.12/site-packages/jax/_src/xla_bridge.py", line 611, in register_plugin
    c_api = xla_client.load_pjrt_plugin_dynamically(plugin_name, library_path)
            ^^^^^^^^^^^^^^^^^^^^^^^^^^^^^^^^^^^^^^^^^^^^^^^^^^^^^^^^^^^^^^^^^^
  File "/zhome/c6/2/209115/diplomacy312/lib/python3.12/site-packages/jaxlib/xla_client.py", line 117, in load_pjrt_plugin_dynamically
    return _xla.load_pjrt_plugin(plugin_name, library_path, c_api=None)
           ^^^^^^^^^^^^^^^^^^^^^^^^^^^^^^^^^^^^^^^^^^^^^^^^^^^^^^^^^^^^
jax.errors.JaxRuntimeError: ALREADY_EXISTS: PJRT_Api already exists for device type cuda
W0119 16:15:43.254522 3678321 cuda_executor.cc:1802] GPU interconnect information not available: INTERNAL: NVML doesn't support extracting fabric info or NVLink is not used by the device.
W0119 16:15:43.258262 3678279 cuda_executor.cc:1802] GPU interconnect information not available: INTERNAL: NVML doesn't support extracting fabric info or NVLink is not used by the device.
Traceback (most recent call last):
  File "<frozen runpy>", line 198, in _run_module_as_main
  File "<frozen runpy>", line 88, in _run_code
  File "/zhome/c6/2/209115/MasterThesis/src/diplomacy/demo.py", line 1417, in <module>
    run_standard_board_mixed_tom_demo(
  File "/zhome/c6/2/209115/MasterThesis/src/diplomacy/demo.py", line 1035, in run_standard_board_mixed_tom_demo
    agent_orders = agent.issue_orders(state)
                   ^^^^^^^^^^^^^^^^^^^^^^^^^
  File "/zhome/c6/2/209115/MasterThesis/src/diplomacy/agents/base.py", line 24, in issue_orders
    planned = self._plan_orders(state, self._round_index)
              ^^^^^^^^^^^^^^^^^^^^^^^^^^^^^^^^^^^^^^^^^^^
  File "/zhome/c6/2/209115/MasterThesis/src/diplomacy/agents/sl_agent.py", line 65, in _plan_orders
    my_action_indices = self._best_response_action_indices(state)
                        ^^^^^^^^^^^^^^^^^^^^^^^^^^^^^^^^^^^^^^^^^
  File "/zhome/c6/2/209115/MasterThesis/src/diplomacy/agents/sl_agent.py", line 463, in _best_response_action_indices
    p: run_rss_for_power(
       ^^^^^^^^^^^^^^^^^^
  File "/zhome/c6/2/209115/MasterThesis/src/diplomacy/negotiation/rss.py", line 64, in run_rss_for_power
    deal_values = _cached_expected_values(
                  ^^^^^^^^^^^^^^^^^^^^^^^^
  File "/zhome/c6/2/209115/MasterThesis/src/diplomacy/negotiation/rss.py", line 108, in _cached_expected_values
    values = estimate_expected_values(
             ^^^^^^^^^^^^^^^^^^^^^^^^^
  File "/zhome/c6/2/209115/MasterThesis/src/diplomacy/negotiation/simulation.py", line 67, in estimate_expected_values
    totals[power] += value_fn(next_state, power)
                     ^^^^^^^^^^^^^^^^^^^^^^^^^^^
  File "/zhome/c6/2/209115/MasterThesis/src/diplomacy/agents/sl_agent.py", line 469, in <lambda>
    value_fn=lambda s, pow=p: self._state_value(s, pow),
                              ^^^^^^^^^^^^^^^^^^^^^^^^^
  File "/zhome/c6/2/209115/MasterThesis/src/diplomacy/agents/sl_agent.py", line 109, in _state_value
    return sl_state_value(state, power, policy=self._policy)
           ^^^^^^^^^^^^^^^^^^^^^^^^^^^^^^^^^^^^^^^^^^^^^^^^^
  File "/zhome/c6/2/209115/MasterThesis/src/diplomacy/value_estimation.py", line 38, in sl_state_value
    legal_actions = legal_actions_from_state(state)
                    ^^^^^^^^^^^^^^^^^^^^^^^^^^^^^^^
  File "/zhome/c6/2/209115/MasterThesis/src/diplomacy/deepmind/actions.py", line 245, in legal_actions_from_state
    encodings = _movement_action_encodings(state, power=power)
                ^^^^^^^^^^^^^^^^^^^^^^^^^^^^^^^^^^^^^^^^^^^^^^
  File "/zhome/c6/2/209115/MasterThesis/src/diplomacy/deepmind/actions.py", line 200, in _movement_action_encodings
    actions.extend(_support_action_encodings(state, power=power))
                   ^^^^^^^^^^^^^^^^^^^^^^^^^^^^^^^^^^^^^^^^^^^^^
  File "/zhome/c6/2/209115/MasterThesis/src/diplomacy/deepmind/actions.py", line 169, in _support_action_encodings
    for dest_loc in state.legal_moves_from(mover_loc):
                    ^^^^^^^^^^^^^^^^^^^^^^^^^^^^^^^^^
  File "/zhome/c6/2/209115/MasterThesis/src/diplomacy/state.py", line 103, in legal_moves_from
    if self._unit_can_enter(unit.unit_type, destination.province_type):
       ^^^^^^^^^^^^^^^^^^^^^^^^^^^^^^^^^^^^^^^^^^^^^^^^^^^^^^^^^^^^^^^
  File "/zhome/c6/2/209115/MasterThesis/src/diplomacy/state.py", line 139, in _unit_can_enter
    return province_type in {ProvinceType.COAST, ProvinceType.SEA}
                            ^^^^^^^^^^^^^^^^^^^^^^^^^^^^^^^^^^^^^^
  File "/appl9/python/3.12.11/lib/python3.12/enum.py", line 1266, in __hash__
    def __hash__(self):

KeyboardInterrupt
