ERROR:2026-01-14 16:55:04,950:jax._src.xla_bridge:477: Jax plugin configuration error: Exception when calling jax_plugins.xla_cuda12.initialize()
Traceback (most recent call last):
  File "/zhome/c6/2/209115/diplomacy312/lib/python3.12/site-packages/jax/_src/xla_bridge.py", line 475, in discover_pjrt_plugins
    plugin_module.initialize()
  File "/zhome/c6/2/209115/diplomacy312/lib/python3.12/site-packages/jax_plugins/xla_cuda12/__init__.py", line 334, in initialize
    c_api = xb.register_plugin(
            ^^^^^^^^^^^^^^^^^^^
  File "/zhome/c6/2/209115/diplomacy312/lib/python3.12/site-packages/jax/_src/xla_bridge.py", line 611, in register_plugin
    c_api = xla_client.load_pjrt_plugin_dynamically(plugin_name, library_path)
            ^^^^^^^^^^^^^^^^^^^^^^^^^^^^^^^^^^^^^^^^^^^^^^^^^^^^^^^^^^^^^^^^^^
  File "/zhome/c6/2/209115/diplomacy312/lib/python3.12/site-packages/jaxlib/xla_client.py", line 117, in load_pjrt_plugin_dynamically
    return _xla.load_pjrt_plugin(plugin_name, library_path, c_api=None)
           ^^^^^^^^^^^^^^^^^^^^^^^^^^^^^^^^^^^^^^^^^^^^^^^^^^^^^^^^^^^^
jax.errors.JaxRuntimeError: ALREADY_EXISTS: PJRT_Api already exists for device type cuda
W0114 16:55:05.541852 3437333 cuda_executor.cc:1802] GPU interconnect information not available: INTERNAL: NVML doesn't support extracting fabric info or NVLink is not used by the device.
W0114 16:55:05.578571 3436857 cuda_executor.cc:1802] GPU interconnect information not available: INTERNAL: NVML doesn't support extracting fabric info or NVLink is not used by the device.
<frozen runpy>:128: RuntimeWarning: 'src.diplomacy.demo' found in sys.modules after import of package 'src.diplomacy', but prior to execution of 'src.diplomacy.demo'; this may result in unpredictable behaviour
ERROR:2026-01-14 16:55:48,770:jax._src.xla_bridge:477: Jax plugin configuration error: Exception when calling jax_plugins.xla_cuda13.initialize()
Traceback (most recent call last):
  File "/zhome/c6/2/209115/diplomacy312/lib/python3.12/site-packages/jax/_src/xla_bridge.py", line 475, in discover_pjrt_plugins
    plugin_module.initialize()
  File "/zhome/c6/2/209115/diplomacy312/lib/python3.12/site-packages/jax_plugins/xla_cuda13/__init__.py", line 334, in initialize
    c_api = xb.register_plugin(
            ^^^^^^^^^^^^^^^^^^^
  File "/zhome/c6/2/209115/diplomacy312/lib/python3.12/site-packages/jax/_src/xla_bridge.py", line 611, in register_plugin
    c_api = xla_client.load_pjrt_plugin_dynamically(plugin_name, library_path)
            ^^^^^^^^^^^^^^^^^^^^^^^^^^^^^^^^^^^^^^^^^^^^^^^^^^^^^^^^^^^^^^^^^^
  File "/zhome/c6/2/209115/diplomacy312/lib/python3.12/site-packages/jaxlib/xla_client.py", line 117, in load_pjrt_plugin_dynamically
    return _xla.load_pjrt_plugin(plugin_name, library_path, c_api=None)
           ^^^^^^^^^^^^^^^^^^^^^^^^^^^^^^^^^^^^^^^^^^^^^^^^^^^^^^^^^^^^
jax.errors.JaxRuntimeError: ALREADY_EXISTS: PJRT_Api already exists for device type cuda
W0114 16:55:49.224090 3439008 cuda_executor.cc:1802] GPU interconnect information not available: INTERNAL: NVML doesn't support extracting fabric info or NVLink is not used by the device.
W0114 16:55:49.260570 3437979 cuda_executor.cc:1802] GPU interconnect information not available: INTERNAL: NVML doesn't support extracting fabric info or NVLink is not used by the device.
