ERROR:2026-01-17 16:42:42,881:jax._src.xla_bridge:477: Jax plugin configuration error: Exception when calling jax_plugins.xla_cuda12.initialize()
Traceback (most recent call last):
  File "/zhome/c6/2/209115/diplomacy312/lib/python3.12/site-packages/jax/_src/xla_bridge.py", line 475, in discover_pjrt_plugins
    plugin_module.initialize()
  File "/zhome/c6/2/209115/diplomacy312/lib/python3.12/site-packages/jax_plugins/xla_cuda12/__init__.py", line 334, in initialize
    c_api = xb.register_plugin(
            ^^^^^^^^^^^^^^^^^^^
  File "/zhome/c6/2/209115/diplomacy312/lib/python3.12/site-packages/jax/_src/xla_bridge.py", line 611, in register_plugin
    c_api = xla_client.load_pjrt_plugin_dynamically(plugin_name, library_path)
            ^^^^^^^^^^^^^^^^^^^^^^^^^^^^^^^^^^^^^^^^^^^^^^^^^^^^^^^^^^^^^^^^^^
  File "/zhome/c6/2/209115/diplomacy312/lib/python3.12/site-packages/jaxlib/xla_client.py", line 117, in load_pjrt_plugin_dynamically
    return _xla.load_pjrt_plugin(plugin_name, library_path, c_api=None)
           ^^^^^^^^^^^^^^^^^^^^^^^^^^^^^^^^^^^^^^^^^^^^^^^^^^^^^^^^^^^^
jax.errors.JaxRuntimeError: ALREADY_EXISTS: PJRT_Api already exists for device type cuda
W0117 16:42:43.476741 2655257 cuda_executor.cc:1802] GPU interconnect information not available: INTERNAL: NVML doesn't support extracting fabric info or NVLink is not used by the device.
W0117 16:42:43.598368 2652031 cuda_executor.cc:1802] GPU interconnect information not available: INTERNAL: NVML doesn't support extracting fabric info or NVLink is not used by the device.
<frozen runpy>:128: RuntimeWarning: 'src.diplomacy.demo' found in sys.modules after import of package 'src.diplomacy', but prior to execution of 'src.diplomacy.demo'; this may result in unpredictable behaviour
ERROR:2026-01-17 16:43:30,182:jax._src.xla_bridge:477: Jax plugin configuration error: Exception when calling jax_plugins.xla_cuda13.initialize()
Traceback (most recent call last):
  File "/zhome/c6/2/209115/diplomacy312/lib/python3.12/site-packages/jax/_src/xla_bridge.py", line 475, in discover_pjrt_plugins
    plugin_module.initialize()
  File "/zhome/c6/2/209115/diplomacy312/lib/python3.12/site-packages/jax_plugins/xla_cuda13/__init__.py", line 334, in initialize
    c_api = xb.register_plugin(
            ^^^^^^^^^^^^^^^^^^^
  File "/zhome/c6/2/209115/diplomacy312/lib/python3.12/site-packages/jax/_src/xla_bridge.py", line 611, in register_plugin
    c_api = xla_client.load_pjrt_plugin_dynamically(plugin_name, library_path)
            ^^^^^^^^^^^^^^^^^^^^^^^^^^^^^^^^^^^^^^^^^^^^^^^^^^^^^^^^^^^^^^^^^^
  File "/zhome/c6/2/209115/diplomacy312/lib/python3.12/site-packages/jaxlib/xla_client.py", line 117, in load_pjrt_plugin_dynamically
    return _xla.load_pjrt_plugin(plugin_name, library_path, c_api=None)
           ^^^^^^^^^^^^^^^^^^^^^^^^^^^^^^^^^^^^^^^^^^^^^^^^^^^^^^^^^^^^
jax.errors.JaxRuntimeError: ALREADY_EXISTS: PJRT_Api already exists for device type cuda
W0117 16:43:30.492518 2657183 cuda_executor.cc:1802] GPU interconnect information not available: INTERNAL: NVML doesn't support extracting fabric info or NVLink is not used by the device.
W0117 16:43:30.497666 2656626 cuda_executor.cc:1802] GPU interconnect information not available: INTERNAL: NVML doesn't support extracting fabric info or NVLink is not used by the device.
Traceback (most recent call last):
  File "<frozen runpy>", line 198, in _run_module_as_main
  File "<frozen runpy>", line 88, in _run_code
  File "/zhome/c6/2/209115/MasterThesis/src/diplomacy/demo.py", line 1347, in <module>
    #     run_standard_board_mixed_tom_demo(
        ^^^^^^^^^^^^^^^^^^^^^^^^^^^^^^^^^^^^
  File "/zhome/c6/2/209115/MasterThesis/src/diplomacy/demo.py", line 1035, in run_standard_board_mixed_tom_demo
    agent_orders = agent.issue_orders(state)
                   ^^^^^^^^^^^^^^^^^^^^^^^^^
  File "/zhome/c6/2/209115/MasterThesis/src/diplomacy/agents/base.py", line 24, in issue_orders
    planned = self._plan_orders(state, self._round_index)
              ^^^^^^^^^^^^^^^^^^^^^^^^^^^^^^^^^^^^^^^^^^^
  File "/zhome/c6/2/209115/MasterThesis/src/diplomacy/agents/sl_agent.py", line 65, in _plan_orders
    my_action_indices = self._best_response_action_indices(state)
                        ^^^^^^^^^^^^^^^^^^^^^^^^^^^^^^^^^^^^^^^^^
  File "/zhome/c6/2/209115/MasterThesis/src/diplomacy/agents/sl_agent.py", line 501, in _best_response_action_indices
    score = save(
            ^^^^^
  File "/zhome/c6/2/209115/MasterThesis/src/diplomacy/value_estimation.py", line 129, in save
    return rollout_value(
           ^^^^^^^^^^^^^^
  File "/zhome/c6/2/209115/MasterThesis/src/diplomacy/value_estimation.py", line 106, in rollout_value
    states, _, _ = run_rounds_with_agents(
                   ^^^^^^^^^^^^^^^^^^^^^^^
  File "/zhome/c6/2/209115/MasterThesis/src/diplomacy/simulation.py", line 82, in run_rounds_with_agents
    agent_orders = agent.issue_orders(state)
                   ^^^^^^^^^^^^^^^^^^^^^^^^^
  File "/zhome/c6/2/209115/MasterThesis/src/diplomacy/agents/base.py", line 24, in issue_orders
    planned = self._plan_orders(state, self._round_index)
              ^^^^^^^^^^^^^^^^^^^^^^^^^^^^^^^^^^^^^^^^^^^
  File "/zhome/c6/2/209115/MasterThesis/src/diplomacy/agents/sl_agent.py", line 406, in _plan_orders
    all_legal = list(legal_actions_from_state(state))
                     ^^^^^^^^^^^^^^^^^^^^^^^^^^^^^^^
  File "/zhome/c6/2/209115/MasterThesis/src/diplomacy/deepmind/actions.py", line 245, in legal_actions_from_state
    encodings = _movement_action_encodings(state, power=power)
                ^^^^^^^^^^^^^^^^^^^^^^^^^^^^^^^^^^^^^^^^^^^^^^
  File "/zhome/c6/2/209115/MasterThesis/src/diplomacy/deepmind/actions.py", line 200, in _movement_action_encodings
    actions.extend(_support_action_encodings(state, power=power))
                   ^^^^^^^^^^^^^^^^^^^^^^^^^^^^^^^^^^^^^^^^^^^^^
  File "/zhome/c6/2/209115/MasterThesis/src/diplomacy/deepmind/actions.py", line 169, in _support_action_encodings
    for dest_loc in state.legal_moves_from(mover_loc):
                    ^^^^^^^^^^^^^^^^^^^^^^^^^^^^^^^^^
  File "/zhome/c6/2/209115/MasterThesis/src/diplomacy/state.py", line 100, in legal_moves_from
    destination = self.board.get(neighbor)
                  ^^^^^^^^^^^^^^^^^^^^^^^^
KeyboardInterrupt
