ERROR:2026-01-19 09:49:07,261:jax._src.xla_bridge:477: Jax plugin configuration error: Exception when calling jax_plugins.xla_cuda12.initialize()
Traceback (most recent call last):
  File "/zhome/c6/2/209115/diplomacy312/lib/python3.12/site-packages/jax/_src/xla_bridge.py", line 475, in discover_pjrt_plugins
    plugin_module.initialize()
  File "/zhome/c6/2/209115/diplomacy312/lib/python3.12/site-packages/jax_plugins/xla_cuda12/__init__.py", line 334, in initialize
    c_api = xb.register_plugin(
            ^^^^^^^^^^^^^^^^^^^
  File "/zhome/c6/2/209115/diplomacy312/lib/python3.12/site-packages/jax/_src/xla_bridge.py", line 611, in register_plugin
    c_api = xla_client.load_pjrt_plugin_dynamically(plugin_name, library_path)
            ^^^^^^^^^^^^^^^^^^^^^^^^^^^^^^^^^^^^^^^^^^^^^^^^^^^^^^^^^^^^^^^^^^
  File "/zhome/c6/2/209115/diplomacy312/lib/python3.12/site-packages/jaxlib/xla_client.py", line 117, in load_pjrt_plugin_dynamically
    return _xla.load_pjrt_plugin(plugin_name, library_path, c_api=None)
           ^^^^^^^^^^^^^^^^^^^^^^^^^^^^^^^^^^^^^^^^^^^^^^^^^^^^^^^^^^^^
jax.errors.JaxRuntimeError: ALREADY_EXISTS: PJRT_Api already exists for device type cuda
W0119 09:49:07.515520 2620634 cuda_executor.cc:1802] GPU interconnect information not available: INTERNAL: NVML doesn't support extracting fabric info or NVLink is not used by the device.
W0119 09:49:07.519380 2620620 cuda_executor.cc:1802] GPU interconnect information not available: INTERNAL: NVML doesn't support extracting fabric info or NVLink is not used by the device.
<frozen runpy>:128: RuntimeWarning: 'src.diplomacy.demo' found in sys.modules after import of package 'src.diplomacy', but prior to execution of 'src.diplomacy.demo'; this may result in unpredictable behaviour
ERROR:2026-01-19 09:49:10,623:jax._src.xla_bridge:477: Jax plugin configuration error: Exception when calling jax_plugins.xla_cuda13.initialize()
Traceback (most recent call last):
  File "/zhome/c6/2/209115/diplomacy312/lib/python3.12/site-packages/jax/_src/xla_bridge.py", line 475, in discover_pjrt_plugins
    plugin_module.initialize()
  File "/zhome/c6/2/209115/diplomacy312/lib/python3.12/site-packages/jax_plugins/xla_cuda13/__init__.py", line 334, in initialize
    c_api = xb.register_plugin(
            ^^^^^^^^^^^^^^^^^^^
  File "/zhome/c6/2/209115/diplomacy312/lib/python3.12/site-packages/jax/_src/xla_bridge.py", line 611, in register_plugin
    c_api = xla_client.load_pjrt_plugin_dynamically(plugin_name, library_path)
            ^^^^^^^^^^^^^^^^^^^^^^^^^^^^^^^^^^^^^^^^^^^^^^^^^^^^^^^^^^^^^^^^^^
  File "/zhome/c6/2/209115/diplomacy312/lib/python3.12/site-packages/jaxlib/xla_client.py", line 117, in load_pjrt_plugin_dynamically
    return _xla.load_pjrt_plugin(plugin_name, library_path, c_api=None)
           ^^^^^^^^^^^^^^^^^^^^^^^^^^^^^^^^^^^^^^^^^^^^^^^^^^^^^^^^^^^^
jax.errors.JaxRuntimeError: ALREADY_EXISTS: PJRT_Api already exists for device type cuda
W0119 09:49:10.909619 2620660 cuda_executor.cc:1802] GPU interconnect information not available: INTERNAL: NVML doesn't support extracting fabric info or NVLink is not used by the device.
W0119 09:49:10.913313 2620645 cuda_executor.cc:1802] GPU interconnect information not available: INTERNAL: NVML doesn't support extracting fabric info or NVLink is not used by the device.
Traceback (most recent call last):
  File "<frozen runpy>", line 198, in _run_module_as_main
  File "<frozen runpy>", line 88, in _run_code
  File "/zhome/c6/2/209115/MasterThesis/src/diplomacy/demo.py", line 1429, in <module>
    #     run_standard_board_mixed_tom_demo(
        ^^^^^^^^^^^^^^^^^^^^^^^^^^^^^^^^^^^^
  File "/zhome/c6/2/209115/MasterThesis/src/diplomacy/demo.py", line 1035, in run_standard_board_mixed_tom_demo
    agent_orders = agent.issue_orders(state)
                   ^^^^^^^^^^^^^^^^^^^^^^^^^
  File "/zhome/c6/2/209115/MasterThesis/src/diplomacy/agents/base.py", line 24, in issue_orders
    planned = self._plan_orders(state, self._round_index)
              ^^^^^^^^^^^^^^^^^^^^^^^^^^^^^^^^^^^^^^^^^^^
  File "/zhome/c6/2/209115/MasterThesis/src/diplomacy/agents/sl_agent.py", line 65, in _plan_orders
    my_action_indices = self._best_response_action_indices(state)
                        ^^^^^^^^^^^^^^^^^^^^^^^^^^^^^^^^^^^^^^^^^
  File "/zhome/c6/2/209115/MasterThesis/src/diplomacy/agents/sl_agent.py", line 463, in _best_response_action_indices
    p: run_rss_for_power(
       ^^^^^^^^^^^^^^^^^^
  File "/zhome/c6/2/209115/MasterThesis/src/diplomacy/negotiation/rss.py", line 64, in run_rss_for_power
    deal_values = _cached_expected_values(
                  ^^^^^^^^^^^^^^^^^^^^^^^^
  File "/zhome/c6/2/209115/MasterThesis/src/diplomacy/negotiation/rss.py", line 108, in _cached_expected_values
    values = estimate_expected_values(
             ^^^^^^^^^^^^^^^^^^^^^^^^^
  File "/zhome/c6/2/209115/MasterThesis/src/diplomacy/negotiation/simulation.py", line 67, in estimate_expected_values
    totals[power] += value_fn(next_state, power)
                     ^^^^^^^^^^^^^^^^^^^^^^^^^^^
  File "/zhome/c6/2/209115/MasterThesis/src/diplomacy/agents/sl_agent.py", line 469, in <lambda>
    value_fn=lambda s, pow=p: self._state_value(s, pow),
                              ^^^^^^^^^^^^^^^^^^^^^^^^^
  File "/zhome/c6/2/209115/MasterThesis/src/diplomacy/agents/sl_agent.py", line 109, in _state_value
    return sl_state_value(state, power, policy=self._policy)
           ^^^^^^^^^^^^^^^^^^^^^^^^^^^^^^^^^^^^^^^^^^^^^^^^^
  File "/zhome/c6/2/209115/MasterThesis/src/diplomacy/value_estimation.py", line 44, in sl_state_value
    _, info = policy.actions(
              ^^^^^^^^^^^^^^^
  File "/zhome/c6/2/209115/MasterThesis/policytraining/network/network_policy.py", line 85, in actions
    (initial_outs, step_outs), final_actions = self._network_handler.inference(
                                               ^^^^^^^^^^^^^^^^^^^^^^^^^^^^^^^^
  File "/zhome/c6/2/209115/MasterThesis/policytraining/network/parameter_provider.py", line 174, in inference
    outputs, (final_actions,) = apply_unbatched(self.batch_inference, *args,
                                ^^^^^^^^^^^^^^^^^^^^^^^^^^^^^^^^^^^^^^^^^^^^
  File "/zhome/c6/2/209115/MasterThesis/policytraining/network/parameter_provider.py", line 33, in apply_unbatched
    batched = f(*tree_utils.tree_expand_dims(args),
              ^^^^^^^^^^^^^^^^^^^^^^^^^^^^^^^^^^^^^
  File "/zhome/c6/2/209115/MasterThesis/policytraining/network/parameter_provider.py", line 161, in batch_inference
    initial_output, step_output = self._apply_transform(
                                  ^^^^^^^^^^^^^^^^^^^^^^
  File "/zhome/c6/2/209115/MasterThesis/policytraining/network/parameter_provider.py", line 151, in _apply_transform
    output, unused_state = transform(
                           ^^^^^^^^^^
  File "/zhome/c6/2/209115/diplomacy312/lib/python3.12/site-packages/jax/_src/tree_util.py", line 1148, in <lambda>
    lambda keys, values: collections.OrderedDict(safe_zip(keys, values)),

KeyboardInterrupt
